<?xml version="1.0" encoding="UTF-8"?>
<!-- Generated by org.testng.reporters.JUnitReportReporter -->
<testsuite hostname="Lumen" name="com.example.tests.ContactCreationTests" tests="2" failures="0" timestamp="19 Apr 2015 18:30:50 GMT" time="7.284" errors="0">
  <testcase name="testEmptyContactCreation" time="3.381" classname="com.example.tests.ContactCreationTests"/>
  <testcase name="testNonEmptyContactCreation" time="3.903" classname="com.example.tests.ContactCreationTests"/>
</testsuite> <!-- com.example.tests.ContactCreationTests -->
