<?xml version="1.0" encoding="UTF-8"?>
<!-- Generated by org.testng.reporters.JUnitReportReporter -->
<testsuite hostname="Lumen" name="com.example.tests.GroupCreationTests" tests="2" failures="0" timestamp="19 Apr 2015 18:30:50 GMT" time="2.937" errors="0">
  <testcase name="testEmptyGroupCreation" time="1.433" classname="com.example.tests.GroupCreationTests"/>
  <testcase name="testNonEmptyGroupCreation" time="1.504" classname="com.example.tests.GroupCreationTests"/>
</testsuite> <!-- com.example.tests.GroupCreationTests -->
